<?xml version="1.0" encoding="UTF-8"?>
<!-- Generated by org.testng.reporters.JUnitXMLReporter -->
<testsuite ignored="1" hostname="Amits-Air.domain.name" failures="0" tests="7" name="HomePageTest" time="18.789" errors="0" timestamp="2023-05-03T17:43:15 IST">
  <testcase classname="SauceDemo.LoginPageTest" name="loginPageValidation" time="0.048"/>
  <testcase classname="SauceDemo.LoginPageTest" name="testLogin" time="0.329"/>
  <testcase classname="SauceDemo.LoginPageTest" name="testLogout" time="0.608"/>
  <testcase classname="SauceDemo.LoginPageTest" name="TestLogin" time="0.671"/>
  <testcase classname="SauceDemo.LoginPageTest" name="TestLogin" time="0.07"/>
  <testcase classname="SauceDemo.LoginPageTest" name="TestLogin" time="0.668"/>
  <testcase classname="SauceDemo.LoginPageTest" name="TestLogin" time="5.666"/>
  <testcase classname="SauceDemo.LoginPageTest" name="storageStateLogin" time="0.0">
    <ignored/>
  </testcase> <!-- storageStateLogin -->
</testsuite> <!-- HomePageTest -->
