<?xml version="1.0" encoding="UTF-8"?>
<!-- Generated by org.testng.reporters.JUnitXMLReporter -->
<testsuite ignored="0" hostname="Amits-Air.domain.name" failures="0" tests="8" name="LoginPageTest" time="4.111" errors="0" timestamp="2023-05-03T17:43:20 IST">
  <testcase classname="SauceDemo.HomePageTest" name="testLogin" time="0.181"/>
  <testcase classname="SauceDemo.HomePageTest" name="verifyProduct" time="0.029"/>
  <testcase classname="SauceDemo.HomePageTest" name="addToCart" time="0.044"/>
  <testcase classname="SauceDemo.HomePageTest" name="goToCart" time="0.066"/>
  <testcase classname="SauceDemo.HomePageTest" name="removeFromCart" time="0.117"/>
  <testcase classname="SauceDemo.HomePageTest" name="addTwoProductToCart" time="0.11"/>
  <testcase classname="SauceDemo.HomePageTest" name="checkOut" time="0.201"/>
  <testcase classname="SauceDemo.HomePageTest" name="backToHomePage" time="0.05"/>
</testsuite> <!-- LoginPageTest -->
