<?xml version="1.0" encoding="UTF-8"?>
<!-- Generated by org.testng.reporters.JUnitXMLReporter -->
<testsuite ignored="3" hostname="Amits-Air.domain.name" failures="0" tests="6" name="Test" time="10.557" errors="0" timestamp="2023-05-02T20:39:54 IST">
  <testcase classname="SauceDemo.LoginPageTest" name="loginPageValidation" time="0.048"/>
  <testcase classname="SauceDemo.LoginPageTest" name="testLogin" time="0.262"/>
  <testcase classname="SauceDemo.MultipleUserLoginTest" name="TestLogin" time="0.006"/>
  <testcase classname="SauceDemo.MultipleUserLoginTest" name="TestLogin" time="0.003"/>
  <testcase classname="SauceDemo.MultipleUserLoginTest" name="TestLogin" time="0.003"/>
  <testcase classname="SauceDemo.MultipleUserLoginTest" name="TestLogin" time="0.004"/>
  <testcase classname="baseTest.BaseTest" name="@BeforeTest setup" time="0.0">
    <ignored/>
  </testcase> <!-- @BeforeTest setup -->
  <testcase classname="baseTest.BaseTest" name="@AfterTest tearDown" time="0.0">
    <ignored/>
  </testcase> <!-- @AfterTest tearDown -->
  <testcase classname="SauceDemo.LoginPageTest" name="testLogout" time="0.0">
    <ignored/>
  </testcase> <!-- testLogout -->
</testsuite> <!-- Test -->
